Using pre-set license
Built from '2020.3/staging' branch; Version is '2020.3.6f1 (338bb68529b2) revision 3378102'; Using compiler version '192528614'; Build Type 'Release'
OS: 'Windows 10 Home; OS build 19042.1288; Version 2009; 64bit' Language: 'ko' Physical Memory: 16305 MB
BatchMode: 1, IsHumanControllingUs: 0, StartBugReporterOnCrash: 0, Is64bit: 1, IsPro: 0

 COMMAND LINE ARGUMENTS:
C:\Unity\2020.3.6f1\Editor\Unity.exe
-adb2
-batchMode
-noUpm
-name
AssetImportWorker0
-projectPath
C:/Users/jinge/Desktop/Attack_Project/Map character mission
-logFile
Logs/AssetImportWorker0.log
-srvPort
50884
Successfully changed project path to: C:/Users/jinge/Desktop/Attack_Project/Map character mission
C:/Users/jinge/Desktop/Attack_Project/Map character mission
Using Asset Import Pipeline V2.
Refreshing native plugins compatible for Editor in 52.89 ms, found 1 plugins.
Preloading 0 native plugins for Editor in 0.00 ms.
Initialize engine version: 2020.3.6f1 (338bb68529b2)
[Subsystems] Discovering subsystems at path C:/Unity/2020.3.6f1/Editor/Data/Resources/UnitySubsystems
[Subsystems] Discovering subsystems at path C:/Users/jinge/Desktop/Attack_Project/Map character mission/Assets
GfxDevice: creating device client; threaded=0
Direct3D:
    Version:  Direct3D 11.0 [level 11.1]
    Renderer: NVIDIA GeForce RTX 2070 Super with Max-Q Design (ID=0x1ed1)
    Vendor:   
    VRAM:     8011 MB
    Driver:   27.21.14.5167
Initialize mono
Mono path[0] = 'C:/Unity/2020.3.6f1/Editor/Data/Managed'
Mono path[1] = 'C:/Unity/2020.3.6f1/Editor/Data/MonoBleedingEdge/lib/mono/unityjit'
Mono config path = 'C:/Unity/2020.3.6f1/Editor/Data/MonoBleedingEdge/etc'
Using monoOptions --debugger-agent=transport=dt_socket,embedding=1,server=y,suspend=n,address=127.0.0.1:56136
Begin MonoManager ReloadAssembly
Registering precompiled unity dll's ...
Register platform support module: C:/Unity/2020.3.6f1/Editor/Data/PlaybackEngines/WindowsStandaloneSupport/UnityEditor.WindowsStandalone.Extensions.dll
Registered in 0.005743 seconds.
Native extension for WindowsStandalone target not found
Refreshing native plugins compatible for Editor in 57.25 ms, found 1 plugins.
Preloading 0 native plugins for Editor in 0.00 ms.
Mono: successfully reloaded assembly
- Completed reload, in  2.600 seconds
Platform modules already initialized, skipping
Registering precompiled user dll's ...
Registered in 0.001915 seconds.
Begin MonoManager ReloadAssembly
Native extension for WindowsStandalone target not found
Refreshing native plugins compatible for Editor in 50.28 ms, found 1 plugins.
Preloading 0 native plugins for Editor in 0.00 ms.
Mono: successfully reloaded assembly
- Completed reload, in  1.419 seconds
Platform modules already initialized, skipping
========================================================================
Worker process is ready to serve import requests
Launched and connected shader compiler UnityShaderCompiler.exe after 0.05 seconds
Refreshing native plugins compatible for Editor in 0.40 ms, found 1 plugins.
Preloading 0 native plugins for Editor in 0.00 ms.
Unloading 1815 Unused Serialized files (Serialized files now loaded: 0)
System memory in use before: 87.6 MB.
System memory in use after: 87.6 MB.

Unloading 24 unused Assets to reduce memory usage. Loaded Objects now: 2258.
Total: 2.771400 ms (FindLiveObjects: 0.199000 ms CreateObjectMapping: 0.100700 ms MarkObjects: 2.314100 ms  DeleteObjects: 0.156600 ms)

========================================================================
Received Import Request.
  path: Assets/2.Sprites/Character.prefab
  artifactKey: Guid(5c7bc5f953e7b444780289882262843d) Importer(815301076,1909f56bfc062723c751e8b465ee728b)
Start importing Assets/2.Sprites/Character.prefab using Guid(5c7bc5f953e7b444780289882262843d) Importer(815301076,1909f56bfc062723c751e8b465ee728b)  -> (artifact id: 'e97d730015e6cb9a69f488d6d30acd8b') in 0.165533 seconds
  Import took 0.169364 seconds .

========================================================================
Received Import Request.
  Time since last request: 112.850962 seconds.
  path: Assets/Character.controller
  artifactKey: Guid(cec3c5ed8c431ed4fbfffd75cff4957f) Importer(815301076,1909f56bfc062723c751e8b465ee728b)
Start importing Assets/Character.controller using Guid(cec3c5ed8c431ed4fbfffd75cff4957f) Importer(815301076,1909f56bfc062723c751e8b465ee728b)  -> (artifact id: 'df1cf67eb9d2f56c879630424f9c5b3f') in 0.022813 seconds
  Import took 0.033906 seconds .

========================================================================
Received Import Request.
  Time since last request: 0.219304 seconds.
  path: Assets/1.Scripts/Player/PlayerCtrl.cs
  artifactKey: Guid(330fb3f0aa967a94187e8dfb55f0e4a9) Importer(815301076,1909f56bfc062723c751e8b465ee728b)
Start importing Assets/1.Scripts/Player/PlayerCtrl.cs using Guid(330fb3f0aa967a94187e8dfb55f0e4a9) Importer(815301076,1909f56bfc062723c751e8b465ee728b)  -> (artifact id: '06da4cd5fb4b0c9b20544acfad7a13c3') in 0.017324 seconds
  Import took 0.022420 seconds .

AssetImportWorkerClient::OnTransportError - code=2 error=End of file
